<?xml version="1.0" encoding="UTF-8"?>
<testsuite name="ReservationTest" tests="2" skipped="0" failures="0" errors="0" timestamp="2019-03-17T20:17:13" hostname="PC310326" time="0.999">
  <properties/>
  <testcase name="reservationTest" classname="ReservationTest" time="0.069"/>
  <testcase name="sizeAndSaveTest" classname="ReservationTest" time="0.929"/>
  <system-out><![CDATA[Reservation{id=807262652, numberOfTickets=1447219365, phoneNumber=1800131377, clientName='BhPn8Ub4J1'}
Properties set. 
-- listing properties --
trips.jdbc.driver=org.postgresql.Driver
trips.jdbc.user=postgres
trips.jdbc.pass=admin
trips.jdbc.url=jdbc:postgresql://localhost:5432/lab1
2019-03-17 22:17:14,213 Test worker DEBUG Initializing configuration XmlConfiguration[location=C:\uni\mpp\lab1\build\resources\main\log4j2.xml]
2019-03-17 22:17:14,219 Test worker DEBUG Installed script engines
2019-03-17 22:17:14,457 Test worker DEBUG Oracle Nashorn Version: 1.8.0_191, Language: ECMAScript, Threading: Not Thread Safe, Compile: true, Names: {nashorn, Nashorn, js, JS, JavaScript, javascript, ECMAScript, ecmascript}
2019-03-17 22:17:14,458 Test worker DEBUG PluginManager 'Core' found 112 plugins
2019-03-17 22:17:14,458 Test worker DEBUG PluginManager 'Level' found 0 plugins
2019-03-17 22:17:14,463 Test worker DEBUG PluginManager 'Lookup' found 13 plugins
2019-03-17 22:17:14,466 Test worker DEBUG Building Plugin[name=layout, class=org.apache.logging.log4j.core.layout.PatternLayout].
2019-03-17 22:17:14,474 Test worker TRACE TypeConverterRegistry initializing.
2019-03-17 22:17:14,475 Test worker DEBUG PluginManager 'TypeConverter' found 26 plugins
2019-03-17 22:17:14,484 Test worker DEBUG PatternLayout$Builder(pattern="%d{DATE} %-5level %class{36} %L %M - %msg%n", PatternSelector=null, Configuration(C:\uni\mpp\lab1\build\resources\main\log4j2.xml), Replace=null, charset="null", alwaysWriteExceptions="null", disableAnsi="null", noConsoleNoAnsi="null", header="null", footer="null")
2019-03-17 22:17:14,485 Test worker DEBUG PluginManager 'Converter' found 41 plugins
2019-03-17 22:17:14,500 Test worker DEBUG Building Plugin[name=appender, class=org.apache.logging.log4j.core.appender.ConsoleAppender].
2019-03-17 22:17:14,507 Test worker DEBUG ConsoleAppender$Builder(target="SYSTEM_OUT", follow="null", direct="null", bufferedIo="null", bufferSize="null", immediateFlush="null", ignoreExceptions="null", PatternLayout(%d{DATE} %-5level %class{36} %L %M - %msg%n), name="Console", Configuration(C:\uni\mpp\lab1\build\resources\main\log4j2.xml), Filter=null)
2019-03-17 22:17:14,508 Test worker DEBUG Jansi is not installed, cannot find org.fusesource.jansi.WindowsAnsiOutputStream
2019-03-17 22:17:14,508 Test worker DEBUG Starting OutputStreamManager SYSTEM_OUT.false.false
2019-03-17 22:17:14,509 Test worker DEBUG Building Plugin[name=layout, class=org.apache.logging.log4j.core.layout.PatternLayout].
2019-03-17 22:17:14,509 Test worker DEBUG PatternLayout$Builder(pattern="%d{DATE} %-5level %class{36} %L %M - %msg%n", PatternSelector=null, Configuration(C:\uni\mpp\lab1\build\resources\main\log4j2.xml), Replace=null, charset="null", alwaysWriteExceptions="null", disableAnsi="null", noConsoleNoAnsi="null", header="null", footer="null")
2019-03-17 22:17:14,510 Test worker DEBUG Building Plugin[name=appender, class=org.apache.logging.log4j.core.appender.FileAppender].
2019-03-17 22:17:14,512 Test worker DEBUG FileAppender$Builder(fileName="target/test.log", append="true", locking="null", advertise="null", advertiseUri="null", createOnDemand="null", bufferedIo="null", bufferSize="null", immediateFlush="null", ignoreExceptions="null", PatternLayout(%d{DATE} %-5level %class{36} %L %M - %msg%n), name="log", Configuration(C:\uni\mpp\lab1\build\resources\main\log4j2.xml), Filter=null)
2019-03-17 22:17:14,515 Test worker DEBUG Starting FileManager target/test.log
2019-03-17 22:17:14,515 Test worker DEBUG Building Plugin[name=appenders, class=org.apache.logging.log4j.core.config.AppendersPlugin].
2019-03-17 22:17:14,516 Test worker DEBUG createAppenders(={Console, log})
2019-03-17 22:17:14,517 Test worker DEBUG Building Plugin[name=AppenderRef, class=org.apache.logging.log4j.core.config.AppenderRef].
2019-03-17 22:17:14,520 Test worker DEBUG createAppenderRef(ref="log", level="null", Filter=null)
2019-03-17 22:17:14,521 Test worker DEBUG Building Plugin[name=AppenderRef, class=org.apache.logging.log4j.core.config.AppenderRef].
2019-03-17 22:17:14,521 Test worker DEBUG createAppenderRef(ref="Console", level="null", Filter=null)
2019-03-17 22:17:14,522 Test worker DEBUG Building Plugin[name=root, class=org.apache.logging.log4j.core.config.LoggerConfig$RootLogger].
2019-03-17 22:17:14,523 Test worker DEBUG createLogger(additivity="null", level="TRACE", includeLocation="null", ={log, Console}, ={}, Configuration(C:\uni\mpp\lab1\build\resources\main\log4j2.xml), Filter=null)
2019-03-17 22:17:14,526 Test worker DEBUG Building Plugin[name=loggers, class=org.apache.logging.log4j.core.config.LoggersPlugin].
2019-03-17 22:17:14,527 Test worker DEBUG createLoggers(={root})
2019-03-17 22:17:14,527 Test worker DEBUG Configuration XmlConfiguration[location=C:\uni\mpp\lab1\build\resources\main\log4j2.xml] initialized
2019-03-17 22:17:14,528 Test worker DEBUG Starting configuration XmlConfiguration[location=C:\uni\mpp\lab1\build\resources\main\log4j2.xml]
2019-03-17 22:17:14,528 Test worker DEBUG Started configuration XmlConfiguration[location=C:\uni\mpp\lab1\build\resources\main\log4j2.xml] OK.
2019-03-17 22:17:14,531 Test worker TRACE Stopping org.apache.logging.log4j.core.config.DefaultConfiguration@46cbe8c7...
2019-03-17 22:17:14,531 Test worker TRACE DefaultConfiguration notified 1 ReliabilityStrategies that config will be stopped.
2019-03-17 22:17:14,532 Test worker TRACE DefaultConfiguration stopping root LoggerConfig.
2019-03-17 22:17:14,532 Test worker TRACE DefaultConfiguration notifying ReliabilityStrategies that appenders will be stopped.
2019-03-17 22:17:14,532 Test worker TRACE DefaultConfiguration stopping remaining Appenders.
2019-03-17 22:17:14,533 Test worker DEBUG Shutting down OutputStreamManager SYSTEM_OUT.false.false-1
2019-03-17 22:17:14,533 Test worker DEBUG Shut down OutputStreamManager SYSTEM_OUT.false.false-1, all resources released: true
2019-03-17 22:17:14,533 Test worker DEBUG Appender DefaultConsole-1 stopped with status true
2019-03-17 22:17:14,533 Test worker TRACE DefaultConfiguration stopped 1 remaining Appenders.
2019-03-17 22:17:14,534 Test worker TRACE DefaultConfiguration cleaning Appenders from 1 LoggerConfigs.
2019-03-17 22:17:14,534 Test worker DEBUG Stopped org.apache.logging.log4j.core.config.DefaultConfiguration@46cbe8c7 OK
2019-03-17 22:17:14,563 Test worker TRACE Reregistering MBeans after reconfigure. Selector=org.apache.logging.log4j.core.selector.ClassLoaderContextSelector@58aec7d6
2019-03-17 22:17:14,563 Test worker TRACE Reregistering context (1/1): '73d16e93' org.apache.logging.log4j.core.LoggerContext@365f753f
2019-03-17 22:17:14,564 Test worker TRACE Unregistering but no MBeans found matching 'org.apache.logging.log4j2:type=73d16e93'
2019-03-17 22:17:14,564 Test worker TRACE Unregistering but no MBeans found matching 'org.apache.logging.log4j2:type=73d16e93,component=StatusLogger'
2019-03-17 22:17:14,564 Test worker TRACE Unregistering but no MBeans found matching 'org.apache.logging.log4j2:type=73d16e93,component=ContextSelector'
2019-03-17 22:17:14,565 Test worker TRACE Unregistering but no MBeans found matching 'org.apache.logging.log4j2:type=73d16e93,component=Loggers,name=*'
2019-03-17 22:17:14,565 Test worker TRACE Unregistering but no MBeans found matching 'org.apache.logging.log4j2:type=73d16e93,component=Appenders,name=*'
2019-03-17 22:17:14,565 Test worker TRACE Unregistering but no MBeans found matching 'org.apache.logging.log4j2:type=73d16e93,component=AsyncAppenders,name=*'
2019-03-17 22:17:14,566 Test worker TRACE Unregistering but no MBeans found matching 'org.apache.logging.log4j2:type=73d16e93,component=AsyncLoggerRingBuffer'
2019-03-17 22:17:14,566 Test worker TRACE Unregistering but no MBeans found matching 'org.apache.logging.log4j2:type=73d16e93,component=Loggers,name=*,subtype=RingBuffer'
2019-03-17 22:17:14,567 Test worker DEBUG Registering MBean org.apache.logging.log4j2:type=73d16e93
2019-03-17 22:17:14,569 Test worker DEBUG Registering MBean org.apache.logging.log4j2:type=73d16e93,component=StatusLogger
2019-03-17 22:17:14,571 Test worker DEBUG Registering MBean org.apache.logging.log4j2:type=73d16e93,component=ContextSelector
2019-03-17 22:17:14,572 Test worker DEBUG Registering MBean org.apache.logging.log4j2:type=73d16e93,component=Loggers,name=
2019-03-17 22:17:14,573 Test worker DEBUG Registering MBean org.apache.logging.log4j2:type=73d16e93,component=Appenders,name=Console
2019-03-17 22:17:14,574 Test worker DEBUG Registering MBean org.apache.logging.log4j2:type=73d16e93,component=Appenders,name=log
2019-03-17 22:17:14,575 Test worker TRACE Using default SystemClock for timestamps.
2019-03-17 22:17:14,575 Test worker TRACE Using DummyNanoClock for nanosecond timestamps.
2019-03-17 22:17:14,576 Test worker DEBUG Reconfiguration complete for context[name=73d16e93] at URI C:\uni\mpp\lab1\build\resources\main\log4j2.xml (org.apache.logging.log4j.core.LoggerContext@365f753f) with optional ClassLoader: null
2019-03-17 22:17:14,576 Test worker DEBUG Shutdown hook enabled. Registering a new one.
2019-03-17 22:17:14,577 Test worker DEBUG LoggerContext[name=73d16e93, org.apache.logging.log4j.core.LoggerContext@365f753f] started OK.
17 Mar 2019 22:17:14,581 INFO  repository.jdbcRepositoryService.ReservationJdbcRepository 22 <init> - Initializing ReservationJdbcRepository with properties: {trips.jdbc.user=postgres, trips.jdbc.driver=org.postgresql.Driver, trips.jdbc.pass=admin, trips.jdbc.url=jdbc:postgresql://localhost:5432/lab1} 
Properties set. 
-- listing properties --
trips.jdbc.driver=org.postgresql.Driver
trips.jdbc.user=postgres
trips.jdbc.pass=admin
trips.jdbc.url=jdbc:postgresql://localhost:5432/lab1
17 Mar 2019 22:17:14,584 INFO  repository.jdbcRepositoryService.TripJdbcRepository 22 <init> - Initializing TripRepo with properties: {trips.jdbc.user=postgres, trips.jdbc.driver=org.postgresql.Driver, trips.jdbc.pass=admin, trips.jdbc.url=jdbc:postgresql://localhost:5432/lab1} 
Properties set. 
-- listing properties --
trips.jdbc.driver=org.postgresql.Driver
trips.jdbc.user=postgres
trips.jdbc.pass=admin
trips.jdbc.url=jdbc:postgresql://localhost:5432/lab1
17 Mar 2019 22:17:14,585 INFO  repository.jdbcRepositoryService.SightJdbcRepository 22 <init> - Initializing SightRepo with properties: {trips.jdbc.user=postgres, trips.jdbc.driver=org.postgresql.Driver, trips.jdbc.pass=admin, trips.jdbc.url=jdbc:postgresql://localhost:5432/lab1} 
17 Mar 2019 22:17:14,588 TRACE repository.jdbcRepositoryService.SightJdbcRepository 46 save - Enter saving sight Sight{id=1990599414, name='ZWqpX2dPGi', description='Q8YELNoMJc'} 
17 Mar 2019 22:17:14,588 TRACE repository.jdbcRepositoryService.JdbcUtils 46 getConnection - Enter
17 Mar 2019 22:17:14,589 TRACE repository.jdbcRepositoryService.JdbcUtils 19 getNewConnection - Enter
17 Mar 2019 22:17:14,589 INFO  repository.jdbcRepositoryService.JdbcUtils 24 getNewConnection - trying to connect to database ... jdbc:postgresql://localhost:5432/lab1
17 Mar 2019 22:17:14,589 INFO  repository.jdbcRepositoryService.JdbcUtils 25 getNewConnection - user: postgres
17 Mar 2019 22:17:14,590 INFO  repository.jdbcRepositoryService.JdbcUtils 26 getNewConnection - pass: admin
17 Mar 2019 22:17:14,595 INFO  repository.jdbcRepositoryService.JdbcUtils 30 getNewConnection - Loaded driver ...org.postgresql.Driver
17 Mar 2019 22:17:14,747 TRACE repository.jdbcRepositoryService.JdbcUtils 55 getConnection - Exit with(org.postgresql.jdbc.PgConnection@726a1942)
17 Mar 2019 22:17:14,764 TRACE repository.jdbcRepositoryService.SightJdbcRepository 57 save - Exit
17 Mar 2019 22:17:14,768 TRACE repository.jdbcRepositoryService.TripJdbcRepository 46 save - Enter saving trips Trip{id=347534585, transportFirma='YUCV1Tf0en', departureTime=null, price=0.62653893, numberOfSeats=609774581, information='gwSYJTsxSA'} 
17 Mar 2019 22:17:14,768 TRACE repository.jdbcRepositoryService.JdbcUtils 46 getConnection - Enter
17 Mar 2019 22:17:14,768 TRACE repository.jdbcRepositoryService.JdbcUtils 19 getNewConnection - Enter
17 Mar 2019 22:17:14,768 INFO  repository.jdbcRepositoryService.JdbcUtils 24 getNewConnection - trying to connect to database ... jdbc:postgresql://localhost:5432/lab1
17 Mar 2019 22:17:14,769 INFO  repository.jdbcRepositoryService.JdbcUtils 25 getNewConnection - user: postgres
17 Mar 2019 22:17:14,769 INFO  repository.jdbcRepositoryService.JdbcUtils 26 getNewConnection - pass: admin
17 Mar 2019 22:17:14,769 INFO  repository.jdbcRepositoryService.JdbcUtils 30 getNewConnection - Loaded driver ...org.postgresql.Driver
17 Mar 2019 22:17:14,803 TRACE repository.jdbcRepositoryService.JdbcUtils 55 getConnection - Exit with(org.postgresql.jdbc.PgConnection@27496d8)
17 Mar 2019 22:17:14,812 TRACE repository.jdbcRepositoryService.TripJdbcRepository 61 save - Exit
17 Mar 2019 22:17:14,814 TRACE repository.jdbcRepositoryService.ReservationJdbcRepository 28 size - Enter
17 Mar 2019 22:17:14,814 TRACE repository.jdbcRepositoryService.JdbcUtils 46 getConnection - Enter
17 Mar 2019 22:17:14,814 TRACE repository.jdbcRepositoryService.JdbcUtils 19 getNewConnection - Enter
17 Mar 2019 22:17:14,815 INFO  repository.jdbcRepositoryService.JdbcUtils 24 getNewConnection - trying to connect to database ... jdbc:postgresql://localhost:5432/lab1
17 Mar 2019 22:17:14,815 INFO  repository.jdbcRepositoryService.JdbcUtils 25 getNewConnection - user: postgres
17 Mar 2019 22:17:14,815 INFO  repository.jdbcRepositoryService.JdbcUtils 26 getNewConnection - pass: admin
17 Mar 2019 22:17:14,816 INFO  repository.jdbcRepositoryService.JdbcUtils 30 getNewConnection - Loaded driver ...org.postgresql.Driver
17 Mar 2019 22:17:14,850 TRACE repository.jdbcRepositoryService.JdbcUtils 55 getConnection - Exit with(org.postgresql.jdbc.PgConnection@34f4ad88)
17 Mar 2019 22:17:14,858 TRACE repository.jdbcRepositoryService.ReservationJdbcRepository 33 size - Exit with(11)
17 Mar 2019 22:17:14,858 TRACE repository.jdbcRepositoryService.ReservationJdbcRepository 28 size - Enter
17 Mar 2019 22:17:14,858 TRACE repository.jdbcRepositoryService.JdbcUtils 46 getConnection - Enter
17 Mar 2019 22:17:14,859 TRACE repository.jdbcRepositoryService.JdbcUtils 55 getConnection - Exit with(org.postgresql.jdbc.PgConnection@34f4ad88)
17 Mar 2019 22:17:14,859 TRACE repository.jdbcRepositoryService.ReservationJdbcRepository 33 size - Exit with(11)
11
17 Mar 2019 22:17:14,860 TRACE repository.jdbcRepositoryService.ReservationJdbcRepository 46 save - Enter saving reservation Reservation{id=528457260, numberOfTickets=603728770, phoneNumber=1878082352, clientName='KJDhNfQCJH'} 
17 Mar 2019 22:17:14,860 TRACE repository.jdbcRepositoryService.JdbcUtils 46 getConnection - Enter
17 Mar 2019 22:17:14,860 TRACE repository.jdbcRepositoryService.JdbcUtils 55 getConnection - Exit with(org.postgresql.jdbc.PgConnection@34f4ad88)
17 Mar 2019 22:17:14,868 TRACE repository.jdbcRepositoryService.ReservationJdbcRepository 59 save - Exit
17 Mar 2019 22:17:14,868 TRACE repository.jdbcRepositoryService.ReservationJdbcRepository 28 size - Enter
17 Mar 2019 22:17:14,868 TRACE repository.jdbcRepositoryService.JdbcUtils 46 getConnection - Enter
17 Mar 2019 22:17:14,869 TRACE repository.jdbcRepositoryService.JdbcUtils 55 getConnection - Exit with(org.postgresql.jdbc.PgConnection@34f4ad88)
17 Mar 2019 22:17:14,869 TRACE repository.jdbcRepositoryService.ReservationJdbcRepository 33 size - Exit with(12)
17 Mar 2019 22:17:14,870 TRACE repository.jdbcRepositoryService.ReservationJdbcRepository 28 size - Enter
17 Mar 2019 22:17:14,870 TRACE repository.jdbcRepositoryService.JdbcUtils 46 getConnection - Enter
17 Mar 2019 22:17:14,870 TRACE repository.jdbcRepositoryService.JdbcUtils 55 getConnection - Exit with(org.postgresql.jdbc.PgConnection@34f4ad88)
17 Mar 2019 22:17:14,870 TRACE repository.jdbcRepositoryService.ReservationJdbcRepository 33 size - Exit with(12)
12
]]></system-out>
  <system-err><![CDATA[]]></system-err>
</testsuite>
