<?xml version="1.0" encoding="UTF-8"?>
<testsuite name="ServiceTest" tests="2" skipped="0" failures="0" errors="0" timestamp="2019-03-17T20:17:14" hostname="PC310326" time="0.001">
  <properties/>
  <testcase name="additionTest" classname="ServiceTest" time="0.001"/>
  <testcase name="concatenationTest" classname="ServiceTest" time="0.0"/>
  <system-out><![CDATA[]]></system-out>
  <system-err><![CDATA[]]></system-err>
</testsuite>
