<?xml version="1.0" encoding="UTF-8"?>
<testsuite name="ReservationTest" tests="2" skipped="0" failures="0" errors="0" timestamp="2019-03-16T16:30:31" hostname="PC310326" time="0.849">
  <properties/>
  <testcase name="reservationTest" classname="ReservationTest" time="0.053"/>
  <testcase name="sizeAndSaveTest" classname="ReservationTest" time="0.796"/>
  <system-out><![CDATA[Reservation{id=118218808, numberOfTickets=1986659463, phoneNumber=839431813, clientName='LqjdwTO8ca'}
Properties set. 
-- listing properties --
trips.jdbc.driver=org.postgresql.Driver
trips.jdbc.user=postgres
trips.jdbc.pass=admin
trips.jdbc.url=jdbc:postgresql://localhost:5432/lab1
2019-03-16 18:30:31,643 Test worker DEBUG Initializing configuration XmlConfiguration[location=C:\uni\Lincenta\PRoject\tourist-app\lab1\build\resources\main\log4j2.xml]
2019-03-16 18:30:31,649 Test worker DEBUG Installed script engines
2019-03-16 18:30:31,819 Test worker DEBUG Oracle Nashorn Version: 1.8.0_191, Language: ECMAScript, Threading: Not Thread Safe, Compile: true, Names: {nashorn, Nashorn, js, JS, JavaScript, javascript, ECMAScript, ecmascript}
2019-03-16 18:30:31,820 Test worker DEBUG PluginManager 'Core' found 112 plugins
2019-03-16 18:30:31,820 Test worker DEBUG PluginManager 'Level' found 0 plugins
2019-03-16 18:30:31,824 Test worker DEBUG PluginManager 'Lookup' found 13 plugins
2019-03-16 18:30:31,825 Test worker DEBUG Building Plugin[name=layout, class=org.apache.logging.log4j.core.layout.PatternLayout].
2019-03-16 18:30:31,835 Test worker TRACE TypeConverterRegistry initializing.
2019-03-16 18:30:31,836 Test worker DEBUG PluginManager 'TypeConverter' found 26 plugins
2019-03-16 18:30:31,846 Test worker DEBUG PatternLayout$Builder(pattern="%d{DATE} %-5level %class{36} %L %M - %msg%n", PatternSelector=null, Configuration(C:\uni\Lincenta\PRoject\tourist-app\lab1\build\resources\main\log4j2.xml), Replace=null, charset="null", alwaysWriteExceptions="null", disableAnsi="null", noConsoleNoAnsi="null", header="null", footer="null")
2019-03-16 18:30:31,846 Test worker DEBUG PluginManager 'Converter' found 41 plugins
2019-03-16 18:30:31,862 Test worker DEBUG Building Plugin[name=appender, class=org.apache.logging.log4j.core.appender.ConsoleAppender].
2019-03-16 18:30:31,868 Test worker DEBUG ConsoleAppender$Builder(target="SYSTEM_OUT", follow="null", direct="null", bufferedIo="null", bufferSize="null", immediateFlush="null", ignoreExceptions="null", PatternLayout(%d{DATE} %-5level %class{36} %L %M - %msg%n), name="Console", Configuration(C:\uni\Lincenta\PRoject\tourist-app\lab1\build\resources\main\log4j2.xml), Filter=null)
2019-03-16 18:30:31,869 Test worker DEBUG Jansi is not installed, cannot find org.fusesource.jansi.WindowsAnsiOutputStream
2019-03-16 18:30:31,870 Test worker DEBUG Starting OutputStreamManager SYSTEM_OUT.false.false
2019-03-16 18:30:31,870 Test worker DEBUG Building Plugin[name=layout, class=org.apache.logging.log4j.core.layout.PatternLayout].
2019-03-16 18:30:31,870 Test worker DEBUG PatternLayout$Builder(pattern="%d{DATE} %-5level %class{36} %L %M - %msg%n", PatternSelector=null, Configuration(C:\uni\Lincenta\PRoject\tourist-app\lab1\build\resources\main\log4j2.xml), Replace=null, charset="null", alwaysWriteExceptions="null", disableAnsi="null", noConsoleNoAnsi="null", header="null", footer="null")
2019-03-16 18:30:31,871 Test worker DEBUG Building Plugin[name=appender, class=org.apache.logging.log4j.core.appender.FileAppender].
2019-03-16 18:30:31,874 Test worker DEBUG FileAppender$Builder(fileName="target/test.log", append="true", locking="null", advertise="null", advertiseUri="null", createOnDemand="null", bufferedIo="null", bufferSize="null", immediateFlush="null", ignoreExceptions="null", PatternLayout(%d{DATE} %-5level %class{36} %L %M - %msg%n), name="log", Configuration(C:\uni\Lincenta\PRoject\tourist-app\lab1\build\resources\main\log4j2.xml), Filter=null)
2019-03-16 18:30:31,877 Test worker DEBUG Starting FileManager target/test.log
2019-03-16 18:30:31,877 Test worker DEBUG Building Plugin[name=appenders, class=org.apache.logging.log4j.core.config.AppendersPlugin].
2019-03-16 18:30:31,878 Test worker DEBUG createAppenders(={Console, log})
2019-03-16 18:30:31,878 Test worker DEBUG Building Plugin[name=AppenderRef, class=org.apache.logging.log4j.core.config.AppenderRef].
2019-03-16 18:30:31,881 Test worker DEBUG createAppenderRef(ref="log", level="null", Filter=null)
2019-03-16 18:30:31,881 Test worker DEBUG Building Plugin[name=AppenderRef, class=org.apache.logging.log4j.core.config.AppenderRef].
2019-03-16 18:30:31,882 Test worker DEBUG createAppenderRef(ref="Console", level="null", Filter=null)
2019-03-16 18:30:31,882 Test worker DEBUG Building Plugin[name=root, class=org.apache.logging.log4j.core.config.LoggerConfig$RootLogger].
2019-03-16 18:30:31,883 Test worker DEBUG createLogger(additivity="null", level="TRACE", includeLocation="null", ={log, Console}, ={}, Configuration(C:\uni\Lincenta\PRoject\tourist-app\lab1\build\resources\main\log4j2.xml), Filter=null)
2019-03-16 18:30:31,885 Test worker DEBUG Building Plugin[name=loggers, class=org.apache.logging.log4j.core.config.LoggersPlugin].
2019-03-16 18:30:31,886 Test worker DEBUG createLoggers(={root})
2019-03-16 18:30:31,887 Test worker DEBUG Configuration XmlConfiguration[location=C:\uni\Lincenta\PRoject\tourist-app\lab1\build\resources\main\log4j2.xml] initialized
2019-03-16 18:30:31,887 Test worker DEBUG Starting configuration XmlConfiguration[location=C:\uni\Lincenta\PRoject\tourist-app\lab1\build\resources\main\log4j2.xml]
2019-03-16 18:30:31,888 Test worker DEBUG Started configuration XmlConfiguration[location=C:\uni\Lincenta\PRoject\tourist-app\lab1\build\resources\main\log4j2.xml] OK.
2019-03-16 18:30:31,891 Test worker TRACE Stopping org.apache.logging.log4j.core.config.DefaultConfiguration@46cbe8c7...
2019-03-16 18:30:31,891 Test worker TRACE DefaultConfiguration notified 1 ReliabilityStrategies that config will be stopped.
2019-03-16 18:30:31,892 Test worker TRACE DefaultConfiguration stopping root LoggerConfig.
2019-03-16 18:30:31,892 Test worker TRACE DefaultConfiguration notifying ReliabilityStrategies that appenders will be stopped.
2019-03-16 18:30:31,892 Test worker TRACE DefaultConfiguration stopping remaining Appenders.
2019-03-16 18:30:31,893 Test worker DEBUG Shutting down OutputStreamManager SYSTEM_OUT.false.false-1
2019-03-16 18:30:31,893 Test worker DEBUG Shut down OutputStreamManager SYSTEM_OUT.false.false-1, all resources released: true
2019-03-16 18:30:31,894 Test worker DEBUG Appender DefaultConsole-1 stopped with status true
2019-03-16 18:30:31,894 Test worker TRACE DefaultConfiguration stopped 1 remaining Appenders.
2019-03-16 18:30:31,894 Test worker TRACE DefaultConfiguration cleaning Appenders from 1 LoggerConfigs.
2019-03-16 18:30:31,895 Test worker DEBUG Stopped org.apache.logging.log4j.core.config.DefaultConfiguration@46cbe8c7 OK
2019-03-16 18:30:31,925 Test worker TRACE Reregistering MBeans after reconfigure. Selector=org.apache.logging.log4j.core.selector.ClassLoaderContextSelector@58aec7d6
2019-03-16 18:30:31,926 Test worker TRACE Reregistering context (1/1): '73d16e93' org.apache.logging.log4j.core.LoggerContext@365f753f
2019-03-16 18:30:31,926 Test worker TRACE Unregistering but no MBeans found matching 'org.apache.logging.log4j2:type=73d16e93'
2019-03-16 18:30:31,927 Test worker TRACE Unregistering but no MBeans found matching 'org.apache.logging.log4j2:type=73d16e93,component=StatusLogger'
2019-03-16 18:30:31,927 Test worker TRACE Unregistering but no MBeans found matching 'org.apache.logging.log4j2:type=73d16e93,component=ContextSelector'
2019-03-16 18:30:31,927 Test worker TRACE Unregistering but no MBeans found matching 'org.apache.logging.log4j2:type=73d16e93,component=Loggers,name=*'
2019-03-16 18:30:31,928 Test worker TRACE Unregistering but no MBeans found matching 'org.apache.logging.log4j2:type=73d16e93,component=Appenders,name=*'
2019-03-16 18:30:31,928 Test worker TRACE Unregistering but no MBeans found matching 'org.apache.logging.log4j2:type=73d16e93,component=AsyncAppenders,name=*'
2019-03-16 18:30:31,928 Test worker TRACE Unregistering but no MBeans found matching 'org.apache.logging.log4j2:type=73d16e93,component=AsyncLoggerRingBuffer'
2019-03-16 18:30:31,929 Test worker TRACE Unregistering but no MBeans found matching 'org.apache.logging.log4j2:type=73d16e93,component=Loggers,name=*,subtype=RingBuffer'
2019-03-16 18:30:31,930 Test worker DEBUG Registering MBean org.apache.logging.log4j2:type=73d16e93
2019-03-16 18:30:31,932 Test worker DEBUG Registering MBean org.apache.logging.log4j2:type=73d16e93,component=StatusLogger
2019-03-16 18:30:31,933 Test worker DEBUG Registering MBean org.apache.logging.log4j2:type=73d16e93,component=ContextSelector
2019-03-16 18:30:31,934 Test worker DEBUG Registering MBean org.apache.logging.log4j2:type=73d16e93,component=Loggers,name=
2019-03-16 18:30:31,935 Test worker DEBUG Registering MBean org.apache.logging.log4j2:type=73d16e93,component=Appenders,name=Console
2019-03-16 18:30:31,936 Test worker DEBUG Registering MBean org.apache.logging.log4j2:type=73d16e93,component=Appenders,name=log
2019-03-16 18:30:31,937 Test worker TRACE Using default SystemClock for timestamps.
2019-03-16 18:30:31,937 Test worker TRACE Using DummyNanoClock for nanosecond timestamps.
2019-03-16 18:30:31,938 Test worker DEBUG Reconfiguration complete for context[name=73d16e93] at URI C:\uni\Lincenta\PRoject\tourist-app\lab1\build\resources\main\log4j2.xml (org.apache.logging.log4j.core.LoggerContext@365f753f) with optional ClassLoader: null
2019-03-16 18:30:31,938 Test worker DEBUG Shutdown hook enabled. Registering a new one.
2019-03-16 18:30:31,939 Test worker DEBUG LoggerContext[name=73d16e93, org.apache.logging.log4j.core.LoggerContext@365f753f] started OK.
16 Mar 2019 18:30:31,943 INFO  repository.repositoryService.ReservationJdbcRepository 22 <init> - Initializing ReservationJdbcRepository with properties: {trips.jdbc.user=postgres, trips.jdbc.driver=org.postgresql.Driver, trips.jdbc.pass=admin, trips.jdbc.url=jdbc:postgresql://localhost:5432/lab1} 
Properties set. 
-- listing properties --
trips.jdbc.driver=org.postgresql.Driver
trips.jdbc.user=postgres
trips.jdbc.pass=admin
trips.jdbc.url=jdbc:postgresql://localhost:5432/lab1
16 Mar 2019 18:30:31,946 INFO  repository.repositoryService.TripJdbcRepository 23 <init> - Initializing TripRepo with properties: {trips.jdbc.user=postgres, trips.jdbc.driver=org.postgresql.Driver, trips.jdbc.pass=admin, trips.jdbc.url=jdbc:postgresql://localhost:5432/lab1} 
Properties set. 
-- listing properties --
trips.jdbc.driver=org.postgresql.Driver
trips.jdbc.user=postgres
trips.jdbc.pass=admin
trips.jdbc.url=jdbc:postgresql://localhost:5432/lab1
16 Mar 2019 18:30:31,947 INFO  repository.repositoryService.SightJdbcRepository 22 <init> - Initializing SightRepo with properties: {trips.jdbc.user=postgres, trips.jdbc.driver=org.postgresql.Driver, trips.jdbc.pass=admin, trips.jdbc.url=jdbc:postgresql://localhost:5432/lab1} 
16 Mar 2019 18:30:31,950 TRACE repository.repositoryService.SightJdbcRepository 46 save - Enter saving sight Sight{id=537839218, name='YlSSELSBXR', description='TjMZ15Dhj4'} 
16 Mar 2019 18:30:31,951 TRACE repository.repositoryService.JdbcUtils 46 getConnection - Enter
16 Mar 2019 18:30:31,951 TRACE repository.repositoryService.JdbcUtils 19 getNewConnection - Enter
16 Mar 2019 18:30:31,951 INFO  repository.repositoryService.JdbcUtils 24 getNewConnection - trying to connect to database ... jdbc:postgresql://localhost:5432/lab1
16 Mar 2019 18:30:31,951 INFO  repository.repositoryService.JdbcUtils 25 getNewConnection - user: postgres
16 Mar 2019 18:30:31,951 INFO  repository.repositoryService.JdbcUtils 26 getNewConnection - pass: admin
16 Mar 2019 18:30:31,958 INFO  repository.repositoryService.JdbcUtils 30 getNewConnection - Loaded driver ...org.postgresql.Driver
16 Mar 2019 18:30:32,056 TRACE repository.repositoryService.JdbcUtils 55 getConnection - Exit with(org.postgresql.jdbc.PgConnection@726a1942)
16 Mar 2019 18:30:32,072 TRACE repository.repositoryService.SightJdbcRepository 57 save - Exit
16 Mar 2019 18:30:32,076 TRACE repository.repositoryService.TripJdbcRepository 47 save - Enter saving trips Trip{id=727298557, transportFirma='VZ6lbkXOoR', departureTime=null, price=0.2572293, numberOfSeats=2049496820, information='7ULL6E_KFi'} 
16 Mar 2019 18:30:32,076 TRACE repository.repositoryService.JdbcUtils 46 getConnection - Enter
16 Mar 2019 18:30:32,076 TRACE repository.repositoryService.JdbcUtils 19 getNewConnection - Enter
16 Mar 2019 18:30:32,076 INFO  repository.repositoryService.JdbcUtils 24 getNewConnection - trying to connect to database ... jdbc:postgresql://localhost:5432/lab1
16 Mar 2019 18:30:32,077 INFO  repository.repositoryService.JdbcUtils 25 getNewConnection - user: postgres
16 Mar 2019 18:30:32,077 INFO  repository.repositoryService.JdbcUtils 26 getNewConnection - pass: admin
16 Mar 2019 18:30:32,077 INFO  repository.repositoryService.JdbcUtils 30 getNewConnection - Loaded driver ...org.postgresql.Driver
16 Mar 2019 18:30:32,108 TRACE repository.repositoryService.JdbcUtils 55 getConnection - Exit with(org.postgresql.jdbc.PgConnection@27496d8)
16 Mar 2019 18:30:32,111 TRACE repository.repositoryService.TripJdbcRepository 62 save - Exit
16 Mar 2019 18:30:32,112 TRACE repository.repositoryService.ReservationJdbcRepository 28 size - Enter
16 Mar 2019 18:30:32,113 TRACE repository.repositoryService.JdbcUtils 46 getConnection - Enter
16 Mar 2019 18:30:32,113 TRACE repository.repositoryService.JdbcUtils 19 getNewConnection - Enter
16 Mar 2019 18:30:32,113 INFO  repository.repositoryService.JdbcUtils 24 getNewConnection - trying to connect to database ... jdbc:postgresql://localhost:5432/lab1
16 Mar 2019 18:30:32,113 INFO  repository.repositoryService.JdbcUtils 25 getNewConnection - user: postgres
16 Mar 2019 18:30:32,113 INFO  repository.repositoryService.JdbcUtils 26 getNewConnection - pass: admin
16 Mar 2019 18:30:32,114 INFO  repository.repositoryService.JdbcUtils 30 getNewConnection - Loaded driver ...org.postgresql.Driver
16 Mar 2019 18:30:32,146 TRACE repository.repositoryService.JdbcUtils 55 getConnection - Exit with(org.postgresql.jdbc.PgConnection@34f4ad88)
16 Mar 2019 18:30:32,155 TRACE repository.repositoryService.ReservationJdbcRepository 33 size - Exit with(7)
16 Mar 2019 18:30:32,155 TRACE repository.repositoryService.ReservationJdbcRepository 28 size - Enter
16 Mar 2019 18:30:32,156 TRACE repository.repositoryService.JdbcUtils 46 getConnection - Enter
16 Mar 2019 18:30:32,156 TRACE repository.repositoryService.JdbcUtils 55 getConnection - Exit with(org.postgresql.jdbc.PgConnection@34f4ad88)
16 Mar 2019 18:30:32,157 TRACE repository.repositoryService.ReservationJdbcRepository 33 size - Exit with(7)
7
16 Mar 2019 18:30:32,157 TRACE repository.repositoryService.ReservationJdbcRepository 46 save - Enter saving reservation Reservation{id=1500081063, numberOfTickets=1812293391, phoneNumber=1637810938, clientName='LU24FzWheU'} 
16 Mar 2019 18:30:32,158 TRACE repository.repositoryService.JdbcUtils 46 getConnection - Enter
16 Mar 2019 18:30:32,158 TRACE repository.repositoryService.JdbcUtils 55 getConnection - Exit with(org.postgresql.jdbc.PgConnection@34f4ad88)
16 Mar 2019 18:30:32,160 TRACE repository.repositoryService.ReservationJdbcRepository 59 save - Exit
16 Mar 2019 18:30:32,161 TRACE repository.repositoryService.ReservationJdbcRepository 28 size - Enter
16 Mar 2019 18:30:32,161 TRACE repository.repositoryService.JdbcUtils 46 getConnection - Enter
16 Mar 2019 18:30:32,161 TRACE repository.repositoryService.JdbcUtils 55 getConnection - Exit with(org.postgresql.jdbc.PgConnection@34f4ad88)
16 Mar 2019 18:30:32,162 TRACE repository.repositoryService.ReservationJdbcRepository 33 size - Exit with(8)
16 Mar 2019 18:30:32,162 TRACE repository.repositoryService.ReservationJdbcRepository 28 size - Enter
16 Mar 2019 18:30:32,162 TRACE repository.repositoryService.JdbcUtils 46 getConnection - Enter
16 Mar 2019 18:30:32,163 TRACE repository.repositoryService.JdbcUtils 55 getConnection - Exit with(org.postgresql.jdbc.PgConnection@34f4ad88)
16 Mar 2019 18:30:32,163 TRACE repository.repositoryService.ReservationJdbcRepository 33 size - Exit with(8)
8
]]></system-out>
  <system-err><![CDATA[]]></system-err>
</testsuite>
